[debug] [2020-04-12T03:28:14.637Z] ----------------------------------------------------------------------
[debug] [2020-04-12T03:28:14.639Z] Command:       C:\Program Files\nodejs\node.exe C:\Users\bhnib\AppData\Roaming\npm\node_modules\firebase-tools\lib\bin\firebase.js deploy
[debug] [2020-04-12T03:28:14.640Z] CLI Version:   8.0.1
[debug] [2020-04-12T03:28:14.640Z] Platform:      win32
[debug] [2020-04-12T03:28:14.640Z] Node Version:  v12.16.1
[debug] [2020-04-12T03:28:14.719Z] Time:          Sun Apr 12 2020 09:28:14 GMT+0600 (Bangladesh Standard Time)
[debug] [2020-04-12T03:28:14.719Z] ----------------------------------------------------------------------
[debug] [2020-04-12T03:28:14.719Z] 
[debug] [2020-04-12T03:28:14.782Z] > command requires scopes: ["email","openid","https://www.googleapis.com/auth/cloudplatformprojects.readonly","https://www.googleapis.com/auth/firebase","https://www.googleapis.com/auth/cloud-platform"]
[debug] [2020-04-12T03:28:14.783Z] > authorizing via signed-in user
[debug] [2020-04-12T03:28:14.783Z] [iam] checking project doctor-portal-bhnibir for permissions ["firebase.projects.get","firebasehosting.sites.update"]
[debug] [2020-04-12T03:28:14.817Z] > refreshing access token with scopes: ["email","https://www.googleapis.com/auth/cloud-platform","https://www.googleapis.com/auth/cloudplatformprojects.readonly","https://www.googleapis.com/auth/firebase","openid"]
[debug] [2020-04-12T03:28:14.817Z] >>> HTTP REQUEST POST https://www.googleapis.com/oauth2/v3/token  
 <request body omitted>
[debug] [2020-04-12T03:28:14.974Z] [iam] error while checking permissions, command may fail: FirebaseError: Authentication Error: Your credentials are no longer valid. Please run firebase login --reauth

For CI servers and headless environments, generate a new token with firebase login:ci
[debug] [2020-04-12T03:28:14.975Z] > refreshing access token with scopes: ["email","https://www.googleapis.com/auth/cloud-platform","https://www.googleapis.com/auth/cloudplatformprojects.readonly","https://www.googleapis.com/auth/firebase","openid"]
[debug] [2020-04-12T03:28:14.975Z] >>> HTTP REQUEST POST https://www.googleapis.com/oauth2/v3/token  
 <request body omitted>
[debug] [2020-04-12T03:28:14.978Z] Authentication Error: Your credentials are no longer valid. Please run firebase login --reauth

For CI servers and headless environments, generate a new token with firebase login:ci
[debug] [2020-04-12T03:28:14.983Z] FirebaseError: Authentication Error: Your credentials are no longer valid. Please run firebase login --reauth

For CI servers and headless environments, generate a new token with firebase login:ci
    at Object.<anonymous> (C:\Users\bhnib\AppData\Roaming\npm\node_modules\firebase-tools\lib\auth.js:23:32)
    at Module._compile (internal/modules/cjs/loader.js:1158:30)
    at Object.Module._extensions..js (internal/modules/cjs/loader.js:1178:10)
    at Module.load (internal/modules/cjs/loader.js:1002:32)
    at Function.Module._load (internal/modules/cjs/loader.js:901:14)
    at Module.require (internal/modules/cjs/loader.js:1044:19)
    at require (internal/modules/cjs/helpers.js:77:18)
    at Object.<anonymous> (C:\Users\bhnib\AppData\Roaming\npm\node_modules\firebase-tools\lib\commands\login.js:8:12)
    at Module._compile (internal/modules/cjs/loader.js:1158:30)
    at Object.Module._extensions..js (internal/modules/cjs/loader.js:1178:10)
    at Module.load (internal/modules/cjs/loader.js:1002:32)
    at Function.Module._load (internal/modules/cjs/loader.js:901:14)
    at Module.require (internal/modules/cjs/loader.js:1044:19)
    at require (internal/modules/cjs/helpers.js:77:18)
    at loadCommand (C:\Users\bhnib\AppData\Roaming\npm\node_modules\firebase-tools\lib\commands\index.js:5:19)
    at module.exports (C:\Users\bhnib\AppData\Roaming\npm\node_modules\firebase-tools\lib\commands\index.js:84:20)
[error] 
[error] Error: Failed to get Firebase project doctor-portal-bhnibir. Please make sure the project exists and your account has permission to access it.
